<?xml version="1.0" encoding="UTF-8"?>
<!-- Generated by org.testng.reporters.JUnitXMLReporter -->
<testsuite hostname="john-PC" name="Test" tests="1" failures="0" timestamp="24 Apr 2017 05:44:43 GMT" time="58.608" errors="0">
  <testcase name="@BeforeTest beforeTest" time="0.0" classname="example.NewTest">
    <failure type="org.openqa.selenium.WebDriverException" message="Failed to connect to binary FirefoxBinary(C:\Program Files (x86)\Mozilla Firefox\firefox.exe) on port 7055; process output follows: 
e&amp;quot;:false,&amp;quot;v&amp;quot;:&amp;quot;6.5&amp;quot;,&amp;quot;st&amp;quot;:1413478426816,&amp;quot;mt&amp;quot;:1400527944000},&amp;quot;VIP3X@verisign.com&amp;quot;:{&amp;quot;d&amp;quot;:&amp;quot;C:\\Program Files (x86)\\Symantec\\VIP Access Client&amp;quot;,&amp;quot;st&amp;quot;:1409660563896},&amp;quot;sp@avast.com&amp;quot;:{&amp;quot;d&amp;quot;:&amp;quot;C:\\Program Files\\AVAST Software\\Avast\\SafePrice\\FF&amp;quot;,&amp;quot;e&amp;quot;:false,&amp;quot;v&amp;quot;:&amp;quot;10.3.5.39&amp;quot;,&amp;quot;st&amp;quot;:1472588886507,&amp;quot;mt&amp;quot;:1472588868503}}}
1493012638189	addons.xpi	DEBUG	No changes found
1493012638197	addons.xpi	DEBUG	Registering manifest for C:\Program Files (x86)\Mozilla Firefox\browser\features\e10srollout@mozilla.org.xpi
1493012638199	addons.xpi	DEBUG	Loading bootstrap scope from C:\Program Files (x86)\Mozilla Firefox\browser\features\e10srollout@mozilla.org.xpi
1493012638210	addons.xpi	DEBUG	Calling bootstrap method startup on e10srollout@mozilla.org version 1.0
1493012638211	addons.xpi	DEBUG	Registering manifest for C:\Program Files (x86)\Mozilla Firefox\browser\features\firefox@getpocket.com.xpi
1493012638235	addons.xpi	DEBUG	Loading bootstrap scope from C:\Program Files (x86)\Mozilla Firefox\browser\features\firefox@getpocket.com.xpi
1493012638239	addons.xpi	DEBUG	Calling bootstrap method startup on firefox@getpocket.com version 1.0.2
1493012638248	addons.xpi-utils	DEBUG	Starting async load of XPI database C:\Users\User\AppData\Local\Temp\anonymous6294420762517351464webdriver-profile\extensions.json
1493012638249	addons.xpi	DEBUG	Registering manifest for C:\Program Files (x86)\Mozilla Firefox\browser\features\loop@mozilla.org.xpi
1493012638250	addons.xpi	DEBUG	Loading bootstrap scope from C:\Program Files (x86)\Mozilla Firefox\browser\features\loop@mozilla.org.xpi
1493012638257	addons.xpi	DEBUG	Calling bootstrap method startup on loop@mozilla.org version 1.3.2
1493012638279	addons.xpi	DEBUG	Registering manifest for C:\Program Files (x86)\Mozilla Firefox\browser\features\websensehelper@mozilla.org.xpi
1493012638280	addons.xpi	DEBUG	Loading bootstrap scope from C:\Program Files (x86)\Mozilla Firefox\browser\features\websensehelper@mozilla.org.xpi
1493012638284	addons.xpi	DEBUG	Calling bootstrap method startup on websensehelper@mozilla.org version 1.0
1493012638287	addons.manager	DEBUG	Registering shutdown blocker for XPIProvider
1493012638287	addons.manager	DEBUG	Provider finished startup: XPIProvider
1493012638288	addons.manager	DEBUG	Starting provider: LightweightThemeManager
1493012638288	addons.manager	DEBUG	Registering shutdown blocker for LightweightThemeManager
1493012638288	addons.manager	DEBUG	Provider finished startup: LightweightThemeManager
1493012638288	addons.manager	DEBUG	Starting provider: GMPProvider
1493012638295	addons.manager	DEBUG	Registering shutdown blocker for GMPProvider
1493012638295	addons.manager	DEBUG	Provider finished startup: GMPProvider
1493012638295	addons.manager	DEBUG	Starting provider: PluginProvider
1493012638295	addons.manager	DEBUG	Registering shutdown blocker for PluginProvider
1493012638296	addons.manager	DEBUG	Provider finished startup: PluginProvider
1493012638296	addons.manager	DEBUG	Completed startup sequence
1493012638571	addons.xpi-utils	DEBUG	Async JSON file read took 0 MS
1493012638571	addons.xpi-utils	DEBUG	Finished async read of XPI database, parsing...
1493012638573	addons.xpi-utils	DEBUG	Successfully read XPI database
1493012638585	addons.manager	DEBUG	Starting provider: &amp;lt;unnamed-provider&amp;gt;
1493012638585	addons.manager	DEBUG	Registering shutdown blocker for &amp;lt;unnamed-provider&amp;gt;
1493012638585	addons.manager	DEBUG	Provider finished startup: &amp;lt;unnamed-provider&amp;gt;
*** Blocklist::_loadBlocklistFromFile: blocklist is disabled
1493012638712	addons.manager	DEBUG	Starting provider: PreviousExperimentProvider
1493012638713	addons.manager	DEBUG	Registering shutdown blocker for PreviousExperimentProvider
1493012638713	addons.manager	DEBUG	Provider finished startup: PreviousExperimentProvider
JavaScript warning: https://normandy-cloudfront.cdn.mozilla.net/static/bundles/selfrepair.8d056d434484b1d6ae51.js, line 7: mutating the [[Prototype]] of an object will cause your code to run very slowly; instead create the object with the correct initial [[Prototype]] value using Object.create

Build info: version: &amp;apos;2.45.0&amp;apos;, revision: &amp;apos;5017cb8e7ca8e37638dc3091b2440b90a1d8686f&amp;apos;, time: &amp;apos;2015-02-27 09:10:26&amp;apos;
System info: host: &amp;apos;john-PC&amp;apos;, ip: &amp;apos;169.254.71.104&amp;apos;, os.name: &amp;apos;Windows 7&amp;apos;, os.arch: &amp;apos;amd64&amp;apos;, os.version: &amp;apos;6.1&amp;apos;, java.version: &amp;apos;1.8.0_112&amp;apos;
Driver info: driver.version: FirefoxDriver">
      <![CDATA[org.openqa.selenium.WebDriverException: Failed to connect to binary FirefoxBinary(C:\Program Files (x86)\Mozilla Firefox\firefox.exe) on port 7055; process output follows: 
e":false,"v":"6.5","st":1413478426816,"mt":1400527944000},"VIP3X@verisign.com":{"d":"C:\\Program Files (x86)\\Symantec\\VIP Access Client","st":1409660563896},"sp@avast.com":{"d":"C:\\Program Files\\AVAST Software\\Avast\\SafePrice\\FF","e":false,"v":"10.3.5.39","st":1472588886507,"mt":1472588868503}}}
1493012638189	addons.xpi	DEBUG	No changes found
1493012638197	addons.xpi	DEBUG	Registering manifest for C:\Program Files (x86)\Mozilla Firefox\browser\features\e10srollout@mozilla.org.xpi
1493012638199	addons.xpi	DEBUG	Loading bootstrap scope from C:\Program Files (x86)\Mozilla Firefox\browser\features\e10srollout@mozilla.org.xpi
1493012638210	addons.xpi	DEBUG	Calling bootstrap method startup on e10srollout@mozilla.org version 1.0
1493012638211	addons.xpi	DEBUG	Registering manifest for C:\Program Files (x86)\Mozilla Firefox\browser\features\firefox@getpocket.com.xpi
1493012638235	addons.xpi	DEBUG	Loading bootstrap scope from C:\Program Files (x86)\Mozilla Firefox\browser\features\firefox@getpocket.com.xpi
1493012638239	addons.xpi	DEBUG	Calling bootstrap method startup on firefox@getpocket.com version 1.0.2
1493012638248	addons.xpi-utils	DEBUG	Starting async load of XPI database C:\Users\User\AppData\Local\Temp\anonymous6294420762517351464webdriver-profile\extensions.json
1493012638249	addons.xpi	DEBUG	Registering manifest for C:\Program Files (x86)\Mozilla Firefox\browser\features\loop@mozilla.org.xpi
1493012638250	addons.xpi	DEBUG	Loading bootstrap scope from C:\Program Files (x86)\Mozilla Firefox\browser\features\loop@mozilla.org.xpi
1493012638257	addons.xpi	DEBUG	Calling bootstrap method startup on loop@mozilla.org version 1.3.2
1493012638279	addons.xpi	DEBUG	Registering manifest for C:\Program Files (x86)\Mozilla Firefox\browser\features\websensehelper@mozilla.org.xpi
1493012638280	addons.xpi	DEBUG	Loading bootstrap scope from C:\Program Files (x86)\Mozilla Firefox\browser\features\websensehelper@mozilla.org.xpi
1493012638284	addons.xpi	DEBUG	Calling bootstrap method startup on websensehelper@mozilla.org version 1.0
1493012638287	addons.manager	DEBUG	Registering shutdown blocker for XPIProvider
1493012638287	addons.manager	DEBUG	Provider finished startup: XPIProvider
1493012638288	addons.manager	DEBUG	Starting provider: LightweightThemeManager
1493012638288	addons.manager	DEBUG	Registering shutdown blocker for LightweightThemeManager
1493012638288	addons.manager	DEBUG	Provider finished startup: LightweightThemeManager
1493012638288	addons.manager	DEBUG	Starting provider: GMPProvider
1493012638295	addons.manager	DEBUG	Registering shutdown blocker for GMPProvider
1493012638295	addons.manager	DEBUG	Provider finished startup: GMPProvider
1493012638295	addons.manager	DEBUG	Starting provider: PluginProvider
1493012638295	addons.manager	DEBUG	Registering shutdown blocker for PluginProvider
1493012638296	addons.manager	DEBUG	Provider finished startup: PluginProvider
1493012638296	addons.manager	DEBUG	Completed startup sequence
1493012638571	addons.xpi-utils	DEBUG	Async JSON file read took 0 MS
1493012638571	addons.xpi-utils	DEBUG	Finished async read of XPI database, parsing...
1493012638573	addons.xpi-utils	DEBUG	Successfully read XPI database
1493012638585	addons.manager	DEBUG	Starting provider: <unnamed-provider>
1493012638585	addons.manager	DEBUG	Registering shutdown blocker for <unnamed-provider>
1493012638585	addons.manager	DEBUG	Provider finished startup: <unnamed-provider>
*** Blocklist::_loadBlocklistFromFile: blocklist is disabled
1493012638712	addons.manager	DEBUG	Starting provider: PreviousExperimentProvider
1493012638713	addons.manager	DEBUG	Registering shutdown blocker for PreviousExperimentProvider
1493012638713	addons.manager	DEBUG	Provider finished startup: PreviousExperimentProvider
JavaScript warning: https://normandy-cloudfront.cdn.mozilla.net/static/bundles/selfrepair.8d056d434484b1d6ae51.js, line 7: mutating the [[Prototype]] of an object will cause your code to run very slowly; instead create the object with the correct initial [[Prototype]] value using Object.create

Build info: version: '2.45.0', revision: '5017cb8e7ca8e37638dc3091b2440b90a1d8686f', time: '2015-02-27 09:10:26'
System info: host: 'john-PC', ip: '169.254.71.104', os.name: 'Windows 7', os.arch: 'amd64', os.version: '6.1', java.version: '1.8.0_112'
Driver info: driver.version: FirefoxDriver
	at org.openqa.selenium.firefox.internal.NewProfileExtensionConnection.start(NewProfileExtensionConnection.java:130)
	at org.openqa.selenium.firefox.FirefoxDriver.startClient(FirefoxDriver.java:246)
	at org.openqa.selenium.remote.RemoteWebDriver.<init>(RemoteWebDriver.java:114)
	at org.openqa.selenium.firefox.FirefoxDriver.<init>(FirefoxDriver.java:191)
	at org.openqa.selenium.firefox.FirefoxDriver.<init>(FirefoxDriver.java:186)
	at org.openqa.selenium.firefox.FirefoxDriver.<init>(FirefoxDriver.java:182)
	at org.openqa.selenium.firefox.FirefoxDriver.<init>(FirefoxDriver.java:95)
	at example.NewTest.beforeTest(NewTest.java:20)
Caused by: org.openqa.selenium.firefox.NotConnectedException: Unable to connect to host 127.0.0.1 on port 7055 after 45000 ms. Firefox console output:
e":false,"v":"6.5","st":1413478426816,"mt":1400527944000},"VIP3X@verisign.com":{"d":"C:\\Program Files (x86)\\Symantec\\VIP Access Client","st":1409660563896},"sp@avast.com":{"d":"C:\\Program Files\\AVAST Software\\Avast\\SafePrice\\FF","e":false,"v":"10.3.5.39","st":1472588886507,"mt":1472588868503}}}
1493012638189	addons.xpi	DEBUG	No changes found
1493012638197	addons.xpi	DEBUG	Registering manifest for C:\Program Files (x86)\Mozilla Firefox\browser\features\e10srollout@mozilla.org.xpi
1493012638199	addons.xpi	DEBUG	Loading bootstrap scope from C:\Program Files (x86)\Mozilla Firefox\browser\features\e10srollout@mozilla.org.xpi
1493012638210	addons.xpi	DEBUG	Calling bootstrap method startup on e10srollout@mozilla.org version 1.0
1493012638211	addons.xpi	DEBUG	Registering manifest for C:\Program Files (x86)\Mozilla Firefox\browser\features\firefox@getpocket.com.xpi
1493012638235	addons.xpi	DEBUG	Loading bootstrap scope from C:\Program Files (x86)\Mozilla Firefox\browser\features\firefox@getpocket.com.xpi
1493012638239	addons.xpi	DEBUG	Calling bootstrap method startup on firefox@getpocket.com version 1.0.2
1493012638248	addons.xpi-utils	DEBUG	Starting async load of XPI database C:\Users\User\AppData\Local\Temp\anonymous6294420762517351464webdriver-profile\extensions.json
1493012638249	addons.xpi	DEBUG	Registering manifest for C:\Program Files (x86)\Mozilla Firefox\browser\features\loop@mozilla.org.xpi
1493012638250	addons.xpi	DEBUG	Loading bootstrap scope from C:\Program Files (x86)\Mozilla Firefox\browser\features\loop@mozilla.org.xpi
1493012638257	addons.xpi	DEBUG	Calling bootstrap method startup on loop@mozilla.org version 1.3.2
1493012638279	addons.xpi	DEBUG	Registering manifest for C:\Program Files (x86)\Mozilla Firefox\browser\features\websensehelper@mozilla.org.xpi
1493012638280	addons.xpi	DEBUG	Loading bootstrap scope from C:\Program Files (x86)\Mozilla Firefox\browser\features\websensehelper@mozilla.org.xpi
1493012638284	addons.xpi	DEBUG	Calling bootstrap method startup on websensehelper@mozilla.org version 1.0
1493012638287	addons.manager	DEBUG	Registering shutdown blocker for XPIProvider
1493012638287	addons.manager	DEBUG	Provider finished startup: XPIProvider
1493012638288	addons.manager	DEBUG	Starting provider: LightweightThemeManager
1493012638288	addons.manager	DEBUG	Registering shutdown blocker for LightweightThemeManager
1493012638288	addons.manager	DEBUG	Provider finished startup: LightweightThemeManager
1493012638288	addons.manager	DEBUG	Starting provider: GMPProvider
1493012638295	addons.manager	DEBUG	Registering shutdown blocker for GMPProvider
1493012638295	addons.manager	DEBUG	Provider finished startup: GMPProvider
1493012638295	addons.manager	DEBUG	Starting provider: PluginProvider
1493012638295	addons.manager	DEBUG	Registering shutdown blocker for PluginProvider
1493012638296	addons.manager	DEBUG	Provider finished startup: PluginProvider
1493012638296	addons.manager	DEBUG	Completed startup sequence
1493012638571	addons.xpi-utils	DEBUG	Async JSON file read took 0 MS
1493012638571	addons.xpi-utils	DEBUG	Finished async read of XPI database, parsing...
1493012638573	addons.xpi-utils	DEBUG	Successfully read XPI database
1493012638585	addons.manager	DEBUG	Starting provider: <unnamed-provider>
1493012638585	addons.manager	DEBUG	Registering shutdown blocker for <unnamed-provider>
1493012638585	addons.manager	DEBUG	Provider finished startup: <unnamed-provider>
*** Blocklist::_loadBlocklistFromFile: blocklist is disabled
1493012638712	addons.manager	DEBUG	Starting provider: PreviousExperimentProvider
1493012638713	addons.manager	DEBUG	Registering shutdown blocker for PreviousExperimentProvider
1493012638713	addons.manager	DEBUG	Provider finished startup: PreviousExperimentProvider
JavaScript warning: https://normandy-cloudfront.cdn.mozilla.net/static/bundles/selfrepair.8d056d434484b1d6ae51.js, line 7: mutating the [[Prototype]] of an object will cause your code to run very slowly; instead create the object with the correct initial [[Prototype]] value using Object.create

	at org.openqa.selenium.firefox.internal.NewProfileExtensionConnection.start(NewProfileExtensionConnection.java:118)
	... 29 more
... Removed 22 stack frames]]>
    </failure>
  </testcase> <!-- @BeforeTest beforeTest -->
  <testcase name="@AfterTest afterTest" time="0.0" classname="example.NewTest">
    <skipped/>
  </testcase> <!-- @AfterTest afterTest -->
  <testcase name="testEasy" time="0.001" classname="example.NewTest">
    <skipped/>
  </testcase> <!-- testEasy -->
</testsuite> <!-- Test -->
